<?xml version="1.0" encoding="utf-8" standalone="no"?>
<!--This file represents the results of running a test suite-->
<test-results name="D:\KBS\MyLCI\KBS\KBS.sln" total="1" errors="0" failures="0" not-run="0" inconclusive="0" ignored="0" skipped="0" invalid="0" date="2015-05-16" time="19:06:53">
  <environment nunit-version="2.6.4.14350" clr-version="2.0.50727.5485" os-version="Microsoft Windows NT 6.1.7601 Service Pack 1" platform="Win32NT" cwd="C:\Program Files\NUnit 2.6.4\bin" machine-name="RAVATHI-PC" user="RAVATHI" user-domain="RAVATHI-PC" />
  <culture-info current-culture="en-US" current-uiculture="en-US" />
  <test-suite type="Project" name="D:\KBS\MyLCI\KBS\KBS.sln" executed="True" result="Success" success="True" time="34.997" asserts="0">
    <results>
      <test-suite type="Assembly" name="D:\KBS\MyLCI\KBS\KBS\bin\Debug\KBS.dll" executed="True" result="Success" success="True" time="34.990" asserts="0">
        <results>
          <test-suite type="Namespace" name="KBS" executed="True" result="Success" success="True" time="34.989" asserts="0">
            <results>
              <test-suite type="TestFixture" name="UnitTest3" executed="True" result="Success" success="True" time="34.988" asserts="0">
                <results>
                  <test-suite type="ParameterizedTest" name="TestMethod1" executed="True" result="Success" success="True" time="34.984" asserts="0">
                    <results>
                      <test-case name="KBS.UnitTest3.TestMethod1()" executed="True" result="Success" success="True" time="34.961" asserts="0" />
                    </results>
                  </test-suite>
                </results>
              </test-suite>
            </results>
          </test-suite>
        </results>
      </test-suite>
    </results>
  </test-suite>
</test-results>